This is pdfTeX, Version 3.1415926-2.3-1.40.12 (TeX Live 2011) (format=pdflatex 2011.7.3)  4 JUN 2014 11:44
entering extended mode
 restricted \write18 enabled.
 %&-line parsing enabled.
**OpenStageBuild.tex
(./OpenStageBuild.tex
LaTeX2e <2009/09/24>
Babel <v3.8l> and hyphenation patterns for english, dumylang, nohyphenation, ge
rman-x-2009-06-19, ngerman-x-2009-06-19, afrikaans, ancientgreek, ibycus, arabi
c, armenian, basque, bulgarian, catalan, pinyin, coptic, croatian, czech, danis
h, dutch, ukenglish, usenglishmax, esperanto, estonian, ethiopic, farsi, finnis
h, french, galician, german, ngerman, swissgerman, monogreek, greek, hungarian,
 icelandic, assamese, bengali, gujarati, hindi, kannada, malayalam, marathi, or
iya, panjabi, tamil, telugu, indonesian, interlingua, irish, italian, kurmanji,
 lao, latin, latvian, lithuanian, mongolian, mongolianlmc, bokmal, nynorsk, pol
ish, portuguese, romanian, russian, sanskrit, serbian, serbianc, slovak, sloven
ian, spanish, swedish, turkish, turkmen, ukrainian, uppersorbian, welsh, loaded
.
(/usr/local/texlive/2011/texmf-dist/tex/latex/base/report.cls
Document Class: report 2007/10/19 v1.4h Standard LaTeX document class
(/usr/local/texlive/2011/texmf-dist/tex/latex/base/size11.clo
File: size11.clo 2007/10/19 v1.4h Standard LaTeX file (size option)
)
\c@part=\count79
\c@chapter=\count80
\c@section=\count81
\c@subsection=\count82
\c@subsubsection=\count83
\c@paragraph=\count84
\c@subparagraph=\count85
\c@figure=\count86
\c@table=\count87
\abovecaptionskip=\skip41
\belowcaptionskip=\skip42
\bibindent=\dimen102
)
(/usr/local/texlive/2011/texmf-dist/tex/latex/graphics/graphicx.sty
Package: graphicx 1999/02/16 v1.0f Enhanced LaTeX Graphics (DPC,SPQR)

(/usr/local/texlive/2011/texmf-dist/tex/latex/graphics/keyval.sty
Package: keyval 1999/03/16 v1.13 key=value parser (DPC)
\KV@toks@=\toks14
)
(/usr/local/texlive/2011/texmf-dist/tex/latex/graphics/graphics.sty
Package: graphics 2009/02/05 v1.0o Standard LaTeX Graphics (DPC,SPQR)

(/usr/local/texlive/2011/texmf-dist/tex/latex/graphics/trig.sty
Package: trig 1999/03/16 v1.09 sin cos tan (DPC)
)
(/usr/local/texlive/2011/texmf-dist/tex/latex/latexconfig/graphics.cfg
File: graphics.cfg 2010/04/23 v1.9 graphics configuration of TeX Live
)
Package graphics Info: Driver file: pdftex.def on input line 91.

(/usr/local/texlive/2011/texmf-dist/tex/latex/pdftex-def/pdftex.def
File: pdftex.def 2011/05/27 v0.06d Graphics/color for pdfTeX

(/usr/local/texlive/2011/texmf-dist/tex/generic/oberdiek/infwarerr.sty
Package: infwarerr 2010/04/08 v1.3 Providing info/warning/message (HO)
)
(/usr/local/texlive/2011/texmf-dist/tex/generic/oberdiek/ltxcmds.sty
Package: ltxcmds 2011/04/18 v1.20 LaTeX kernel commands for general use (HO)
)
\Gread@gobject=\count88
))
\Gin@req@height=\dimen103
\Gin@req@width=\dimen104
)
\@input{srctex.aux}
\openout2 = `srctex.aux'.

No file srctex.tex.
(/usr/local/texlive/2011/texmf-dist/tex/latex/caption/caption.sty
Package: caption 2010/01/09 v3.1m Customizing captions (AR)

(/usr/local/texlive/2011/texmf-dist/tex/latex/caption/caption3.sty
Package: caption3 2010/01/14 v3.1m caption3 kernel (AR)
\captionmargin=\dimen105
\captionmargin@=\dimen106
\captionwidth=\dimen107
\caption@indent=\dimen108
\caption@parindent=\dimen109
\caption@hangindent=\dimen110
)
\c@ContinuedFloat=\count89
)
(/usr/local/texlive/2011/texmf-dist/tex/latex/hyperref/hyperref.sty
Package: hyperref 2011/04/17 v6.82g Hypertext links for LaTeX

(/usr/local/texlive/2011/texmf-dist/tex/generic/oberdiek/hobsub-hyperref.sty
Package: hobsub-hyperref 2011/04/23 v1.4 Bundle oberdiek, subset hyperref (HO)

(/usr/local/texlive/2011/texmf-dist/tex/generic/oberdiek/hobsub-generic.sty
Package: hobsub-generic 2011/04/23 v1.4 Bundle oberdiek, subset generic (HO)
Package: hobsub 2011/04/23 v1.4 Subsetting bundle oberdiek (HO)
Package hobsub Info: Skipping package `infwarerr' (already loaded).
Package hobsub Info: Skipping package `ltxcmds' (already loaded).
Package: ifluatex 2010/03/01 v1.3 Provides the ifluatex switch (HO)
Package ifluatex Info: LuaTeX not detected.
Package: ifvtex 2010/03/01 v1.5 Switches for detecting VTeX and its modes (HO)
Package ifvtex Info: VTeX not detected.
Package: intcalc 2007/09/27 v1.1 Expandable integer calculations (HO)
Package: ifpdf 2011/01/30 v2.3 Provides the ifpdf switch (HO)
Package ifpdf Info: pdfTeX in PDF mode is detected.
Package: etexcmds 2011/02/16 v1.5 Prefix for e-TeX command names (HO)
Package etexcmds Info: Could not find \expanded.
(etexcmds)             That can mean that you are not using pdfTeX 1.50 or
(etexcmds)             that some package has redefined \expanded.
(etexcmds)             In the latter case, load this package earlier.
Package: kvsetkeys 2011/04/07 v1.13 Key value parser (HO)
Package: kvdefinekeys 2011/04/07 v1.3 Defining keys (HO)
Package: pdftexcmds 2011/04/22 v0.16 Utilities of pdfTeX for LuaTeX (HO)
Package pdftexcmds Info: LuaTeX not detected.
Package pdftexcmds Info: \pdf@primitive is available.
Package pdftexcmds Info: \pdf@ifprimitive is available.
Package pdftexcmds Info: \pdfdraftmode found.
Package: pdfescape 2011/04/04 v1.12 Provides string conversions (HO)
Package: bigintcalc 2011/01/30 v1.2 Expandable big integer calculations (HO)
Package: bitset 2011/01/30 v1.1 Data type bit set (HO)
Package: uniquecounter 2011/01/30 v1.2 Provides unlimited unique counter (HO)
)
Package hobsub Info: Skipping package `hobsub' (already loaded).
Package: letltxmacro 2010/09/02 v1.4 Let assignment for LaTeX macros (HO)
Package: hopatch 2011/01/30 v1.0 Wrapper for package hooks (HO)
Package: xcolor-patch 2011/01/30 xcolor patch
Package: atveryend 2011/04/23 v1.7 Hooks at very end of document (HO)
Package atveryend Info: \enddocument detected (standard).
Package: atbegshi 2011/01/30 v1.15 At begin shipout hook (HO)
Package: refcount 2010/12/01 v3.2 Data extraction from references (HO)
Package: hycolor 2011/01/30 v1.7 Color options of hyperref/bookmark (HO)
)
(/usr/local/texlive/2011/texmf-dist/tex/generic/ifxetex/ifxetex.sty
Package: ifxetex 2010/09/12 v0.6 Provides ifxetex conditional
)
(/usr/local/texlive/2011/texmf-dist/tex/latex/oberdiek/kvoptions.sty
Package: kvoptions 2010/12/23 v3.10 Keyval support for LaTeX options (HO)
)
\@linkdim=\dimen111
\Hy@linkcounter=\count90
\Hy@pagecounter=\count91

(/usr/local/texlive/2011/texmf-dist/tex/latex/hyperref/pd1enc.def
File: pd1enc.def 2011/04/17 v6.82g Hyperref: PDFDocEncoding definition (HO)
)
\Hy@SavedSpaceFactor=\count92

(/usr/local/texlive/2011/texmf-dist/tex/latex/latexconfig/hyperref.cfg
File: hyperref.cfg 2002/06/06 v1.2 hyperref configuration of TeXLive
)
Package hyperref Info: Hyper figures OFF on input line 4026.
Package hyperref Info: Link nesting OFF on input line 4031.
Package hyperref Info: Hyper index ON on input line 4034.
Package hyperref Info: Plain pages OFF on input line 4041.
Package hyperref Info: Backreferencing OFF on input line 4046.
Package hyperref Info: Implicit mode ON; LaTeX internals redefined.
Package hyperref Info: Bookmarks ON on input line 4264.
\c@Hy@tempcnt=\count93

(/usr/local/texlive/2011/texmf-dist/tex/latex/url/url.sty
\Urlmuskip=\muskip10
Package: url 2006/04/12  ver 3.3  Verb mode for urls, etc.
)
LaTeX Info: Redefining \url on input line 4617.
\Fld@menulength=\count94
\Field@Width=\dimen112
\Fld@charsize=\dimen113
Package hyperref Info: Hyper figures OFF on input line 5701.
Package hyperref Info: Link nesting OFF on input line 5706.
Package hyperref Info: Hyper index ON on input line 5709.
Package hyperref Info: backreferencing OFF on input line 5716.
Package hyperref Info: Link coloring OFF on input line 5721.
Package hyperref Info: Link coloring with OCG OFF on input line 5726.
Package hyperref Info: PDF/A mode OFF on input line 5731.
LaTeX Info: Redefining \ref on input line 5771.
LaTeX Info: Redefining \pageref on input line 5775.
\Hy@abspage=\count95
\c@Item=\count96
\c@Hfootnote=\count97
)

Package hyperref Message: Driver (autodetected): hpdftex.

(/usr/local/texlive/2011/texmf-dist/tex/latex/hyperref/hpdftex.def
File: hpdftex.def 2011/04/17 v6.82g Hyperref driver for pdfTeX
\Fld@listcount=\count98
\c@bookmark@seq@number=\count99

(/usr/local/texlive/2011/texmf-dist/tex/latex/oberdiek/rerunfilecheck.sty
Package: rerunfilecheck 2011/04/15 v1.7 Rerun checks for auxiliary files (HO)
Package uniquecounter Info: New unique counter `rerunfilecheck' on input line 2
82.
)
\Hy@SectionHShift=\skip43
)
(/usr/local/texlive/2011/texmf-dist/tex/latex/geometry/geometry.sty
Package: geometry 2010/09/12 v5.6 Page Geometry
\Gm@cnth=\count100
\Gm@cntv=\count101
\c@Gm@tempcnt=\count102
\Gm@bindingoffset=\dimen114
\Gm@wd@mp=\dimen115
\Gm@odd@mp=\dimen116
\Gm@even@mp=\dimen117
\Gm@layoutwidth=\dimen118
\Gm@layoutheight=\dimen119
\Gm@layouthoffset=\dimen120
\Gm@layoutvoffset=\dimen121
\Gm@dimlist=\toks15
)
(./OpenStageBuild.aux)
\openout1 = `OpenStageBuild.aux'.

LaTeX Font Info:    Checking defaults for OML/cmm/m/it on input line 24.
LaTeX Font Info:    ... okay on input line 24.
LaTeX Font Info:    Checking defaults for T1/cmr/m/n on input line 24.
LaTeX Font Info:    ... okay on input line 24.
LaTeX Font Info:    Checking defaults for OT1/cmr/m/n on input line 24.
LaTeX Font Info:    ... okay on input line 24.
LaTeX Font Info:    Checking defaults for OMS/cmsy/m/n on input line 24.
LaTeX Font Info:    ... okay on input line 24.
LaTeX Font Info:    Checking defaults for OMX/cmex/m/n on input line 24.
LaTeX Font Info:    ... okay on input line 24.
LaTeX Font Info:    Checking defaults for U/cmr/m/n on input line 24.
LaTeX Font Info:    ... okay on input line 24.
LaTeX Font Info:    Checking defaults for PD1/pdf/m/n on input line 24.
LaTeX Font Info:    ... okay on input line 24.

(/usr/local/texlive/2011/texmf-dist/tex/context/base/supp-pdf.mkii
[Loading MPS to PDF converter (version 2006.09.02).]
\scratchcounter=\count103
\scratchdimen=\dimen122
\scratchbox=\box26
\nofMPsegments=\count104
\nofMParguments=\count105
\everyMPshowfont=\toks16
\MPscratchCnt=\count106
\MPscratchDim=\dimen123
\MPnumerator=\count107
\makeMPintoPDFobject=\count108
\everyMPtoPDFconversion=\toks17
) (/usr/local/texlive/2011/texmf-dist/tex/latex/oberdiek/epstopdf-base.sty
Package: epstopdf-base 2010/02/09 v2.5 Base part for package epstopdf

(/usr/local/texlive/2011/texmf-dist/tex/latex/oberdiek/grfext.sty
Package: grfext 2010/08/19 v1.1 Managing graphics extensions (HO)
)
Package grfext Info: Graphics extension search list:
(grfext)             [.png,.pdf,.jpg,.mps,.jpeg,.jbig2,.jb2,.PNG,.PDF,.JPG,.JPE
G,.JBIG2,.JB2,.eps]
(grfext)             \AppendGraphicsExtensions on input line 452.

(/usr/local/texlive/2011/texmf-dist/tex/latex/latexconfig/epstopdf-sys.cfg
File: epstopdf-sys.cfg 2010/07/13 v1.3 Configuration of (r)epstopdf for TeX Liv
e
))
Package caption Info: Begin \AtBeginDocument code.
Package caption Info: hyperref package is loaded.
Package caption Info: End \AtBeginDocument code.
\AtBeginShipoutBox=\box27
Package hyperref Info: Link coloring OFF on input line 24.

(/usr/local/texlive/2011/texmf-dist/tex/latex/hyperref/nameref.sty
Package: nameref 2010/04/30 v2.40 Cross-referencing by name of section

(/usr/local/texlive/2011/texmf-dist/tex/generic/oberdiek/gettitlestring.sty
Package: gettitlestring 2010/12/03 v1.4 Cleanup title references (HO)
)
\c@section@level=\count109
)
LaTeX Info: Redefining \ref on input line 24.
LaTeX Info: Redefining \pageref on input line 24.
LaTeX Info: Redefining \nameref on input line 24.

(./OpenStageBuild.out) (./OpenStageBuild.out)
\@outlinefile=\write3
\openout3 = `OpenStageBuild.out'.


*geometry* driver: auto-detecting
*geometry* detected driver: pdftex
*geometry* verbose mode - [ preamble ] result:
* driver: pdftex
* paper: letterpaper
* layout: <same size as paper>
* layoutoffset:(h,v)=(0.0pt,0.0pt)
* modes: 
* h-part:(L,W,R)=(85.35826pt, 443.57848pt, 85.35826pt)
* v-part:(T,H,B)=(78.24507pt, 631.36665pt, 85.35826pt)
* \paperwidth=614.295pt
* \paperheight=794.96999pt
* \textwidth=443.57848pt
* \textheight=631.36665pt
* \oddsidemargin=13.08827pt
* \evensidemargin=13.08827pt
* \topmargin=-31.02492pt
* \headheight=12.0pt
* \headsep=25.0pt
* \topskip=11.0pt
* \footskip=30.0pt
* \marginparwidth=59.0pt
* \marginparsep=10.0pt
* \columnsep=10.0pt
* \skip\footins=10.0pt plus 4.0pt minus 2.0pt
* \hoffset=0.0pt
* \voffset=0.0pt
* \mag=1000
* \@twocolumnfalse
* \@twosidefalse
* \@mparswitchfalse
* \@reversemarginfalse
* (1in=72.27pt=25.4mm, 1cm=28.453pt)

LaTeX Font Info:    External font `cmex10' loaded for size
(Font)              <10.95> on input line 27.
LaTeX Font Info:    External font `cmex10' loaded for size
(Font)              <8> on input line 27.
LaTeX Font Info:    External font `cmex10' loaded for size
(Font)              <6> on input line 27.
LaTeX Font Info:    External font `cmex10' loaded for size
(Font)              <9> on input line 27.
LaTeX Font Info:    External font `cmex10' loaded for size
(Font)              <5> on input line 27.

Underfull \hbox (badness 5147) in paragraph at lines 48--48
\OT1/cmr/m/n/10.95 mo-tor out-puts to Open-stage
 []


Overfull \hbox (9.98647pt too wide) in paragraph at lines 31--52
[][] 
 []

[1



{/usr/local/texlive/2011/texmf-var/fonts/map/pdftex/updmap/pdftex.map}]
<images/IMG_3188.JPG, id=79, 602.25pt x 381.425pt>
File: images/IMG_3188.JPG Graphic file (type jpg)
 <use images/IMG_3188.JPG>
Package pdftex.def Info: images/IMG_3188.JPG used on input line 59.
(pdftex.def)             Requested size: 361.34999pt x 228.86258pt.

<images/finished_1.jpg, id=80, 987.69pt x 579.766pt>
File: images/finished_1.jpg Graphic file (type jpg)

<use images/finished_1.jpg>
Package pdftex.def Info: images/finished_1.jpg used on input line 66.
(pdftex.def)             Requested size: 361.34999pt x 212.1038pt.
 [2

 <./images/IMG_3188.JPG> <./images/finished_1.jpg>] <images/IMG_3194.JPG, id=91
, 321.2pt x 314.3745pt>
File: images/IMG_3194.JPG Graphic file (type jpg)

<use images/IMG_3194.JPG>
Package pdftex.def Info: images/IMG_3194.JPG used on input line 82.
(pdftex.def)             Requested size: 216.81pt x 212.20801pt.
 <images/IMG_3190.JPG, id=92, 481.8pt x 380.2205pt>
File: images/IMG_3190.JPG Graphic file (type jpg)

<use images/IMG_3190.JPG>
Package pdftex.def Info: images/IMG_3190.JPG used on input line 83.
(pdftex.def)             Requested size: 216.81pt x 171.09764pt.
 [3

 <./images/IMG_3194.JPG> <./images/IMG_3190.JPG>]
<images/IMG_3198.JPG, id=100, 481.8pt x 391.4625pt>
File: images/IMG_3198.JPG Graphic file (type jpg)
 <use images/IMG_3198.JPG>
Package pdftex.def Info: images/IMG_3198.JPG used on input line 96.
(pdftex.def)             Requested size: 289.07999pt x 234.88527pt.

<images/IMG_3200.JPG, id=101, 481.8pt x 361.35pt>
File: images/IMG_3200.JPG Graphic file (type jpg)
 <use images/IMG_3200.JPG>
Package pdftex.def Info: images/IMG_3200.JPG used on input line 104.
(pdftex.def)             Requested size: 289.07999pt x 216.81718pt.

[4

 <./images/IMG_3198.JPG> <./images/IMG_3200.JPG>]
<images/IMG_3193.JPG, id=110, 481.8pt x 361.35pt>
File: images/IMG_3193.JPG Graphic file (type jpg)
 <use images/IMG_3193.JPG>
Package pdftex.def Info: images/IMG_3193.JPG used on input line 116.
(pdftex.def)             Requested size: 166.2212pt x 124.66588pt.

<images/IMG_3191.JPG, id=111, 481.8pt x 407.5225pt>
File: images/IMG_3191.JPG Graphic file (type jpg)
 <use images/IMG_3191.JPG>
Package pdftex.def Info: images/IMG_3191.JPG used on input line 117.
(pdftex.def)             Requested size: 166.2212pt x 140.59541pt.

[5

 <./images/IMG_3193.JPG> <./images/IMG_3191.JPG>]
<images/IMG_3195.JPG, id=119, 481.8pt x 361.35pt>
File: images/IMG_3195.JPG Graphic file (type jpg)
 <use images/IMG_3195.JPG>
Package pdftex.def Info: images/IMG_3195.JPG used on input line 130.
(pdftex.def)             Requested size: 180.67499pt x 135.50592pt.

<images/IMG_3196.JPG, id=120, 481.8pt x 361.35pt>
File: images/IMG_3196.JPG Graphic file (type jpg)
 <use images/IMG_3196.JPG>
Package pdftex.def Info: images/IMG_3196.JPG used on input line 131.
(pdftex.def)             Requested size: 180.67499pt x 135.50592pt.

[6

 <./images/IMG_3195.JPG> <./images/IMG_3196.JPG>]
<images/IMG_3208.JPG, id=130, 481.8pt x 468.5505pt>
File: images/IMG_3208.JPG Graphic file (type jpg)
 <use images/IMG_3208.JPG>
Package pdftex.def Info: images/IMG_3208.JPG used on input line 143.
(pdftex.def)             Requested size: 289.07999pt x 281.13962pt.

[7

 <./images/IMG_3208.JPG>]
<images/IMG_3203.JPG, id=141, 481.8pt x 568.9255pt>
File: images/IMG_3203.JPG Graphic file (type jpg)
 <use images/IMG_3203.JPG>
Package pdftex.def Info: images/IMG_3203.JPG used on input line 156.
(pdftex.def)             Requested size: 289.07999pt x 341.36662pt.

<images/IMG_3209.JPG, id=142, 481.8pt x 347.699pt>
File: images/IMG_3209.JPG Graphic file (type jpg)
 <use images/IMG_3209.JPG>
Package pdftex.def Info: images/IMG_3209.JPG used on input line 163.
(pdftex.def)             Requested size: 289.07999pt x 208.62631pt.

[8

 <./images/IMG_3203.JPG>] [9 <./images/IMG_3209.JPG>]
<images/IMG_3211.JPG, id=155, 481.8pt x 334.048pt>
File: images/IMG_3211.JPG Graphic file (type jpg)
 <use images/IMG_3211.JPG>
Package pdftex.def Info: images/IMG_3211.JPG used on input line 178.
(pdftex.def)             Requested size: 216.81pt x 150.3202pt.

<images/IMG_3232.JPG, id=156, 481.8pt x 361.35pt>
File: images/IMG_3232.JPG Graphic file (type jpg)
 <use images/IMG_3232.JPG>
Package pdftex.def Info: images/IMG_3232.JPG used on input line 179.
(pdftex.def)             Requested size: 216.81pt x 162.60599pt.

[10

 <./images/IMG_3211.JPG> <./images/IMG_3232.JPG>]
<images/IMG_3230.JPG, id=164, 481.8pt x 361.35pt>
File: images/IMG_3230.JPG Graphic file (type jpg)
 <use images/IMG_3230.JPG>
Package pdftex.def Info: images/IMG_3230.JPG used on input line 192.
(pdftex.def)             Requested size: 216.81pt x 162.60599pt.

<images/IMG_3231.JPG, id=165, 481.8pt x 361.35pt>
File: images/IMG_3231.JPG Graphic file (type jpg)
 <use images/IMG_3231.JPG>
Package pdftex.def Info: images/IMG_3231.JPG used on input line 193.
(pdftex.def)             Requested size: 216.81pt x 162.60599pt.

[11

 <./images/IMG_3230.JPG> <./images/IMG_3231.JPG>]
Overfull \hbox (27.56868pt too wide) in paragraph at lines 206--207
\OT1/cmtt/m/n/10.95 Host _ Shield _ 2 . 0>[]$[]\OT1/cmr/m/n/10.95 ) and the Ac-
cel-Step-per li-brary ([]$\OT1/cmtt/m/n/10.95 <[]http : / / www . airspayce . c
om / mikem / arduino /
 []

[12

]
LaTeX Font Info:    Try loading font information for OMS+cmr on input line 227.

 (/usr/local/texlive/2011/texmf-dist/tex/latex/base/omscmr.fd
File: omscmr.fd 1999/05/25 v2.5h Standard LaTeX font definitions
)
LaTeX Font Info:    Font shape `OMS/cmr/m/n' in size <10.95> not available
(Font)              Font shape `OMS/cmsy/m/n' tried instead on input line 227.
 [13]
[14] [15]
Package atveryend Info: Empty hook `BeforeClearDocument' on input line 282.
 [16]
Package atveryend Info: Empty hook `AfterLastShipout' on input line 282.
 (./OpenStageBuild.aux)
Package atveryend Info: Executing hook `AtVeryEndDocument' on input line 282.
Package atveryend Info: Executing hook `AtEndAfterFileList' on input line 282.
Package rerunfilecheck Info: File `OpenStageBuild.out' has not changed.
(rerunfilecheck)             Checksum: 82B3D996CEF44915F45F94BE1CD7FEED;954.
Package atveryend Info: Empty hook `AtVeryVeryEnd' on input line 282.
 ) 
Here is how much of TeX's memory you used:
 6461 strings out of 493633
 99368 string characters out of 3143378
 191100 words of memory out of 3000000
 9667 multiletter control sequences out of 15000+200000
 9631 words of font info for 34 fonts, out of 3000000 for 9000
 831 hyphenation exceptions out of 8191
 36i,8n,38p,1112b,381s stack positions out of 5000i,500n,10000p,200000b,50000s
</usr/local/texlive/2011/texmf-dist/fonts/type1/public/amsfonts/cm/cmbx10.pfb
></usr/local/texlive/2011/texmf-dist/fonts/type1/public/amsfonts/cm/cmbx12.pfb>
</usr/local/texlive/2011/texmf-dist/fonts/type1/public/amsfonts/cm/cmbx9.pfb></
usr/local/texlive/2011/texmf-dist/fonts/type1/public/amsfonts/cm/cmmi10.pfb></u
sr/local/texlive/2011/texmf-dist/fonts/type1/public/amsfonts/cm/cmr10.pfb></usr
/local/texlive/2011/texmf-dist/fonts/type1/public/amsfonts/cm/cmr6.pfb></usr/lo
cal/texlive/2011/texmf-dist/fonts/type1/public/amsfonts/cm/cmr8.pfb></usr/local
/texlive/2011/texmf-dist/fonts/type1/public/amsfonts/cm/cmr9.pfb></usr/local/te
xlive/2011/texmf-dist/fonts/type1/public/amsfonts/cm/cmsy10.pfb></usr/local/tex
live/2011/texmf-dist/fonts/type1/public/amsfonts/cm/cmti10.pfb></usr/local/texl
ive/2011/texmf-dist/fonts/type1/public/amsfonts/cm/cmtt10.pfb>
Output written on OpenStageBuild.pdf (16 pages, 4177072 bytes).
PDF statistics:
 251 PDF objects out of 1000 (max. 8388607)
 202 compressed objects within 3 object streams
 46 named destinations out of 1000 (max. 500000)
 206 words of extra memory for PDF output out of 10000 (max. 10000000)

